
The following have been reloaded with a version change:
  1) cuda/11.2.0 => cuda/12.1.1

lmod: xalt was automatically unloaded
-------------------------------------------------------------------------------
There are messages associated with the following module(s):
-------------------------------------------------------------------------------

anaconda/2024.02-py311:
   The default anaconda module has changed from 2020.11-py38 to
   2024.02-py311. You can still use the older anaconda by loading it
   directly with "module load anaconda/2020.11-py38".

-------------------------------------------------------------------------------


EnvironmentNameNotFound: Could not find conda environment: maxspan_fl_env
You can list all discoverable environments with `conda info --envs`.


Traceback (most recent call last):
  File "/home/apiasecz/programming/MaxSpANFL_atck_code_data/code/simulation_code/full_decentralized_1.py", line 4, in <module>
    import torch
ModuleNotFoundError: No module named 'torch'
Traceback (most recent call last):
  File "/home/apiasecz/programming/MaxSpANFL_atck_code_data/code/simulation_code/full_decentralized_1.py", line 4, in <module>
    import torch
ModuleNotFoundError: No module named 'torch'
Traceback (most recent call last):
  File "/home/apiasecz/programming/MaxSpANFL_atck_code_data/code/simulation_code/full_decentralized_1.py", line 4, in <module>
    import torch
ModuleNotFoundError: No module named 'torch'
Traceback (most recent call last):
  File "/home/apiasecz/programming/MaxSpANFL_atck_code_data/code/simulation_code/full_decentralized_1.py", line 4, in <module>
    import torch
ModuleNotFoundError: No module named 'torch'
Traceback (most recent call last):
  File "/home/apiasecz/programming/MaxSpANFL_atck_code_data/code/simulation_code/full_decentralized_1.py", line 4, in <module>
    import torch
ModuleNotFoundError: No module named 'torch'
Traceback (most recent call last):
  File "/home/apiasecz/programming/MaxSpANFL_atck_code_data/code/simulation_code/full_decentralized_1.py", line 4, in <module>
    import torch
ModuleNotFoundError: No module named 'torch'
Traceback (most recent call last):
  File "/home/apiasecz/programming/MaxSpANFL_atck_code_data/code/simulation_code/full_decentralized_1.py", line 4, in <module>
    import torch
ModuleNotFoundError: No module named 'torch'
Traceback (most recent call last):
  File "/home/apiasecz/programming/MaxSpANFL_atck_code_data/code/simulation_code/full_decentralized_1.py", line 4, in <module>
    import torch
ModuleNotFoundError: No module named 'torch'
Traceback (most recent call last):
  File "/home/apiasecz/programming/MaxSpANFL_atck_code_data/code/simulation_code/full_decentralized_1.py", line 4, in <module>
    import torch
ModuleNotFoundError: No module named 'torch'
Traceback (most recent call last):
  File "/home/apiasecz/programming/MaxSpANFL_atck_code_data/code/simulation_code/full_decentralized_1.py", line 4, in <module>
    import torch
ModuleNotFoundError: No module named 'torch'
Traceback (most recent call last):
  File "/home/apiasecz/programming/MaxSpANFL_atck_code_data/code/simulation_code/full_decentralized_1.py", line 4, in <module>
    import torch
ModuleNotFoundError: No module named 'torch'
Traceback (most recent call last):
  File "/home/apiasecz/programming/MaxSpANFL_atck_code_data/code/simulation_code/full_decentralized_1.py", line 4, in <module>
    import torch
ModuleNotFoundError: No module named 'torch'
Traceback (most recent call last):
  File "/home/apiasecz/programming/MaxSpANFL_atck_code_data/code/simulation_code/full_decentralized_1.py", line 4, in <module>
    import torch
ModuleNotFoundError: No module named 'torch'
Traceback (most recent call last):
  File "/home/apiasecz/programming/MaxSpANFL_atck_code_data/code/simulation_code/full_decentralized_1.py", line 4, in <module>
    import torch
ModuleNotFoundError: No module named 'torch'
Traceback (most recent call last):
  File "/home/apiasecz/programming/MaxSpANFL_atck_code_data/code/simulation_code/full_decentralized_1.py", line 4, in <module>
    import torch
ModuleNotFoundError: No module named 'torch'
Traceback (most recent call last):
  File "/home/apiasecz/programming/MaxSpANFL_atck_code_data/code/simulation_code/full_decentralized_1.py", line 4, in <module>
    import torch
ModuleNotFoundError: No module named 'torch'
Traceback (most recent call last):
  File "/home/apiasecz/programming/MaxSpANFL_atck_code_data/code/simulation_code/full_decentralized_1.py", line 4, in <module>
    import torch
ModuleNotFoundError: No module named 'torch'
Traceback (most recent call last):
  File "/home/apiasecz/programming/MaxSpANFL_atck_code_data/code/simulation_code/full_decentralized_1.py", line 4, in <module>
    import torch
ModuleNotFoundError: No module named 'torch'
Traceback (most recent call last):
  File "/home/apiasecz/programming/MaxSpANFL_atck_code_data/code/simulation_code/full_decentralized_1.py", line 4, in <module>
    import torch
ModuleNotFoundError: No module named 'torch'
Traceback (most recent call last):
  File "/home/apiasecz/programming/MaxSpANFL_atck_code_data/code/simulation_code/full_decentralized_1.py", line 4, in <module>
    import torch
ModuleNotFoundError: No module named 'torch'
Traceback (most recent call last):
  File "/home/apiasecz/programming/MaxSpANFL_atck_code_data/code/simulation_code/full_decentralized_1.py", line 4, in <module>
    import torch
ModuleNotFoundError: No module named 'torch'
Traceback (most recent call last):
  File "/home/apiasecz/programming/MaxSpANFL_atck_code_data/code/simulation_code/full_decentralized_1.py", line 4, in <module>
    import torch
ModuleNotFoundError: No module named 'torch'
Traceback (most recent call last):
  File "/home/apiasecz/programming/MaxSpANFL_atck_code_data/code/simulation_code/full_decentralized_1.py", line 4, in <module>
    import torch
ModuleNotFoundError: No module named 'torch'
Traceback (most recent call last):
  File "/home/apiasecz/programming/MaxSpANFL_atck_code_data/code/simulation_code/full_decentralized_1.py", line 4, in <module>
    import torch
ModuleNotFoundError: No module named 'torch'
Traceback (most recent call last):
  File "/home/apiasecz/programming/MaxSpANFL_atck_code_data/code/simulation_code/full_decentralized_1.py", line 4, in <module>
    import torch
ModuleNotFoundError: No module named 'torch'
Traceback (most recent call last):
  File "/home/apiasecz/programming/MaxSpANFL_atck_code_data/code/simulation_code/full_decentralized_1.py", line 4, in <module>
    import torch
ModuleNotFoundError: No module named 'torch'
Traceback (most recent call last):
  File "/home/apiasecz/programming/MaxSpANFL_atck_code_data/code/simulation_code/full_decentralized_1.py", line 4, in <module>
    import torch
ModuleNotFoundError: No module named 'torch'
Traceback (most recent call last):
  File "/home/apiasecz/programming/MaxSpANFL_atck_code_data/code/simulation_code/full_decentralized_1.py", line 4, in <module>
    import torch
ModuleNotFoundError: No module named 'torch'
Traceback (most recent call last):
  File "/home/apiasecz/programming/MaxSpANFL_atck_code_data/code/simulation_code/full_decentralized_1.py", line 4, in <module>
    import torch
ModuleNotFoundError: No module named 'torch'
Traceback (most recent call last):
  File "/home/apiasecz/programming/MaxSpANFL_atck_code_data/code/simulation_code/full_decentralized_1.py", line 4, in <module>
    import torch
ModuleNotFoundError: No module named 'torch'
Traceback (most recent call last):
  File "/home/apiasecz/programming/MaxSpANFL_atck_code_data/code/simulation_code/full_decentralized_1.py", line 4, in <module>
    import torch
ModuleNotFoundError: No module named 'torch'
Traceback (most recent call last):
  File "/home/apiasecz/programming/MaxSpANFL_atck_code_data/code/simulation_code/full_decentralized_1.py", line 4, in <module>
    import torch
ModuleNotFoundError: No module named 'torch'
Traceback (most recent call last):
  File "/home/apiasecz/programming/MaxSpANFL_atck_code_data/code/simulation_code/full_decentralized_1.py", line 4, in <module>
    import torch
ModuleNotFoundError: No module named 'torch'
Traceback (most recent call last):
  File "/home/apiasecz/programming/MaxSpANFL_atck_code_data/code/simulation_code/full_decentralized_1.py", line 4, in <module>
    import torch
ModuleNotFoundError: No module named 'torch'
Traceback (most recent call last):
  File "/home/apiasecz/programming/MaxSpANFL_atck_code_data/code/simulation_code/full_decentralized_1.py", line 4, in <module>
    import torch
ModuleNotFoundError: No module named 'torch'
Traceback (most recent call last):
  File "/home/apiasecz/programming/MaxSpANFL_atck_code_data/code/simulation_code/full_decentralized_1.py", line 4, in <module>
    import torch
ModuleNotFoundError: No module named 'torch'
Traceback (most recent call last):
  File "/home/apiasecz/programming/MaxSpANFL_atck_code_data/code/simulation_code/full_decentralized_1.py", line 4, in <module>
    import torch
ModuleNotFoundError: No module named 'torch'
Traceback (most recent call last):
  File "/home/apiasecz/programming/MaxSpANFL_atck_code_data/code/simulation_code/full_decentralized_1.py", line 4, in <module>
    import torch
ModuleNotFoundError: No module named 'torch'
Traceback (most recent call last):
  File "/home/apiasecz/programming/MaxSpANFL_atck_code_data/code/simulation_code/full_decentralized_1.py", line 4, in <module>
    import torch
ModuleNotFoundError: No module named 'torch'
Traceback (most recent call last):
  File "/home/apiasecz/programming/MaxSpANFL_atck_code_data/code/simulation_code/full_decentralized_1.py", line 4, in <module>
    import torch
ModuleNotFoundError: No module named 'torch'
Traceback (most recent call last):
  File "/home/apiasecz/programming/MaxSpANFL_atck_code_data/code/simulation_code/full_decentralized_1.py", line 4, in <module>
    import torch
ModuleNotFoundError: No module named 'torch'
Traceback (most recent call last):
  File "/home/apiasecz/programming/MaxSpANFL_atck_code_data/code/simulation_code/full_decentralized_1.py", line 4, in <module>
    import torch
ModuleNotFoundError: No module named 'torch'
Traceback (most recent call last):
  File "/home/apiasecz/programming/MaxSpANFL_atck_code_data/code/simulation_code/full_decentralized_1.py", line 4, in <module>
    import torch
ModuleNotFoundError: No module named 'torch'
Traceback (most recent call last):
  File "/home/apiasecz/programming/MaxSpANFL_atck_code_data/code/simulation_code/full_decentralized_1.py", line 4, in <module>
    import torch
ModuleNotFoundError: No module named 'torch'
Traceback (most recent call last):
  File "/home/apiasecz/programming/MaxSpANFL_atck_code_data/code/simulation_code/full_decentralized_1.py", line 4, in <module>
    import torch
ModuleNotFoundError: No module named 'torch'
Traceback (most recent call last):
  File "/home/apiasecz/programming/MaxSpANFL_atck_code_data/code/simulation_code/full_decentralized_1.py", line 4, in <module>
    import torch
ModuleNotFoundError: No module named 'torch'
Traceback (most recent call last):
  File "/home/apiasecz/programming/MaxSpANFL_atck_code_data/code/simulation_code/full_decentralized_1.py", line 4, in <module>
    import torch
ModuleNotFoundError: No module named 'torch'
Traceback (most recent call last):
  File "/home/apiasecz/programming/MaxSpANFL_atck_code_data/code/simulation_code/full_decentralized_1.py", line 4, in <module>
    import torch
ModuleNotFoundError: No module named 'torch'
Traceback (most recent call last):
  File "/home/apiasecz/programming/MaxSpANFL_atck_code_data/code/simulation_code/full_decentralized_1.py", line 4, in <module>
    import torch
ModuleNotFoundError: No module named 'torch'
Traceback (most recent call last):
  File "/home/apiasecz/programming/MaxSpANFL_atck_code_data/code/simulation_code/full_decentralized_1.py", line 4, in <module>
    import torch
ModuleNotFoundError: No module named 'torch'
Traceback (most recent call last):
  File "/home/apiasecz/programming/MaxSpANFL_atck_code_data/code/simulation_code/full_decentralized_1.py", line 4, in <module>
    import torch
ModuleNotFoundError: No module named 'torch'
Traceback (most recent call last):
  File "/home/apiasecz/programming/MaxSpANFL_atck_code_data/code/simulation_code/full_decentralized_1.py", line 4, in <module>
    import torch
ModuleNotFoundError: No module named 'torch'
Traceback (most recent call last):
  File "/home/apiasecz/programming/MaxSpANFL_atck_code_data/code/simulation_code/full_decentralized_1.py", line 4, in <module>
    import torch
ModuleNotFoundError: No module named 'torch'
Traceback (most recent call last):
  File "/home/apiasecz/programming/MaxSpANFL_atck_code_data/code/simulation_code/full_decentralized_1.py", line 4, in <module>
    import torch
ModuleNotFoundError: No module named 'torch'
Traceback (most recent call last):
  File "/home/apiasecz/programming/MaxSpANFL_atck_code_data/code/simulation_code/full_decentralized_1.py", line 4, in <module>
    import torch
ModuleNotFoundError: No module named 'torch'
Traceback (most recent call last):
  File "/home/apiasecz/programming/MaxSpANFL_atck_code_data/code/simulation_code/full_decentralized_1.py", line 4, in <module>
    import torch
ModuleNotFoundError: No module named 'torch'
Traceback (most recent call last):
  File "/home/apiasecz/programming/MaxSpANFL_atck_code_data/code/simulation_code/full_decentralized_1.py", line 4, in <module>
    import torch
ModuleNotFoundError: No module named 'torch'
Traceback (most recent call last):
  File "/home/apiasecz/programming/MaxSpANFL_atck_code_data/code/simulation_code/full_decentralized_1.py", line 4, in <module>
    import torch
ModuleNotFoundError: No module named 'torch'
Traceback (most recent call last):
  File "/home/apiasecz/programming/MaxSpANFL_atck_code_data/code/simulation_code/full_decentralized_1.py", line 4, in <module>
    import torch
ModuleNotFoundError: No module named 'torch'
Traceback (most recent call last):
  File "/home/apiasecz/programming/MaxSpANFL_atck_code_data/code/simulation_code/full_decentralized_1.py", line 4, in <module>
    import torch
ModuleNotFoundError: No module named 'torch'
